<?xml version="1.0" encoding="UTF-8"?>
<testsuite name="edu.cofc.johnson.core.example.ExampleTest" tests="2" skipped="0" failures="0" errors="0" timestamp="2023-03-22T17:21:56" hostname="LAPTOP-71DFG3EV" time="0.729">
  <properties/>
  <testcase name="serializeToXMLFile()" classname="edu.cofc.johnson.core.example.ExampleTest" time="0.708"/>
  <testcase name="serializeToCSVFile()" classname="edu.cofc.johnson.core.example.ExampleTest" time="0.016"/>
  <system-out><![CDATA[]]></system-out>
  <system-err><![CDATA[]]></system-err>
</testsuite>
