<?xml version="1.0" encoding="UTF-8"?>
<testsuite name="edu.cofc.johnson.core.utils.BinarySerializationEngineTest" tests="1" skipped="0" failures="0" errors="0" timestamp="2023-03-22T17:21:57" hostname="LAPTOP-71DFG3EV" time="0.024">
  <properties/>
  <testcase name="binarySerializeAndDeserializeExample()" classname="edu.cofc.johnson.core.utils.BinarySerializationEngineTest" time="0.024"/>
  <system-out><![CDATA[]]></system-out>
  <system-err><![CDATA[]]></system-err>
</testsuite>
